#
# There is insufficient memory for the Java Runtime Environment to continue.
# Native memory allocation (malloc) failed to allocate 987216 bytes. Error detail: Chunk::new
# Possible reasons:
#   The system is out of physical RAM or swap space
#   This process is running with CompressedOops enabled, and the Java Heap may be blocking the growth of the native heap
# Possible solutions:
#   Reduce memory load on the system
#   Increase physical memory or swap space
#   Check if swap backing store is full
#   Decrease Java heap size (-Xmx/-Xms)
#   Decrease number of Java threads
#   Decrease Java thread stack sizes (-Xss)
#   Set larger code cache with -XX:ReservedCodeCacheSize=
#   JVM is running with Unscaled Compressed Oops mode in which the Java heap is
#     placed in the first 4GB address space. The Java Heap base address is the
#     maximum limit for the native heap growth. Please use -XX:HeapBaseMinAddress
#     to set the Java Heap base and to place the Java Heap above 4GB virtual address.
# This output file may be truncated or incomplete.
#
#  Out of Memory Error (arena.cpp:168), pid=3832, tid=2900
#
# JRE version: OpenJDK Runtime Environment JBR-21.0.3+13-509.11-jcef (21.0.3+13) (build 21.0.3+13-b509.11)
# Java VM: OpenJDK 64-Bit Server VM JBR-21.0.3+13-509.11-jcef (21.0.3+13-b509.11, mixed mode, tiered, compressed oops, compressed class ptrs, g1 gc, windows-amd64)
# No core dump will be written. Minidumps are not enabled by default on client versions of Windows
#

---------------  S U M M A R Y ------------

Command Line: -Dorg.sqlite.tmpdir=C:\Users\user\AppData\Local\JetBrains\PyCharm2024.2\jdbc-native-deps\Xerial SQLiteJDBC\3.45.1\sqlite-jdbc-3.45.1.0\libs -Djava.rmi.server.hostname=127.0.0.1 -Duser.timezone=UTC -Xmx2048m -Xms256m -Djdbc.classpath=C:\Program Files\JetBrains\PyCharm 2024.2.1\plugins\DatabaseTools\lib\jdbc-console.jar;C:\Users\user\AppData\Roaming\JetBrains\PyCharm2024.2\jdbc-drivers\Xerial SQLiteJDBC\3.45.1\org\xerial\sqlite-jdbc\3.45.1.0\sqlite-jdbc-3.45.1.0.jar;C:\Users\user\AppData\Roaming\JetBrains\PyCharm2024.2\jdbc-drivers\Xerial SQLiteJDBC\3.45.1\org\slf4j\slf4j-api\1.7.36\slf4j-api-1.7.36.jar --add-exports=java.desktop/sun.awt=ALL-UNNAMED --add-exports=java.desktop/java.awt.peer=ALL-UNNAMED --add-opens=java.desktop/java.awt=ALL-UNNAMED --add-opens=jdk.unsupported/sun.misc=ALL-UNNAMED --add-opens=java.base/java.nio=ALL-UNNAMED --add-opens=java.base/java.util=ALL-UNNAMED -Dfile.encoding=UTF-8 -Dsun.stdout.encoding=UTF-8 -Dsun.stderr.encoding=UTF-8 com.intellij.database.remote.RemoteJdbcServer org.sqlite.JDBC

Host: Intel(R) Core(TM) i3-6100U CPU @ 2.30GHz, 4 cores, 7G,  Windows 10 , 64 bit Build 19041 (10.0.19041.4842)
Time: Tue Sep 17 13:20:32 2024 Iran Standard Time elapsed time: 205.348479 seconds (0d 0h 3m 25s)

---------------  T H R E A D  ---------------

Current thread (0x00000202c5e1d740):  JavaThread "C2 CompilerThread1" daemon [_thread_in_native, id=2900, stack(0x0000009639e00000,0x0000009639f00000) (1024K)]


Current CompileTask:
C2: 205348 2649       4       sun.rmi.transport.StreamRemoteCall::getInputStream (60 bytes)

Stack: [0x0000009639e00000,0x0000009639f00000]
Native frames: (J=compiled Java code, j=interpreted, Vv=VM code, C=native code)
V  [jvm.dll+0x6e02f9]
V  [jvm.dll+0x8bd383]
V  [jvm.dll+0x8bf8de]
V  [jvm.dll+0x8bffc3]
V  [jvm.dll+0x2879c6]
V  [jvm.dll+0xc60ad]
V  [jvm.dll+0xc65e3]
V  [jvm.dll+0x3bffe1]
V  [jvm.dll+0x38c777]
V  [jvm.dll+0x38bbea]
V  [jvm.dll+0x24f3d2]
V  [jvm.dll+0x24e9a1]
V  [jvm.dll+0x1cd034]
V  [jvm.dll+0x25e13c]
V  [jvm.dll+0x25c616]
V  [jvm.dll+0x3fb056]
V  [jvm.dll+0x865338]
V  [jvm.dll+0x6deb3d]
C  [ucrtbase.dll+0x21bb2]
C  [KERNEL32.DLL+0x17374]
C  [ntdll.dll+0x4cc91]


---------------  P R O C E S S  ---------------

Threads class SMR info:
_java_thread_list=0x00000202c5609a80, length=20, elements={
0x00000202a6568820, 0x00000202c040eaa0, 0x00000202c045b2e0, 0x00000202c045cd50,
0x00000202c045d7b0, 0x00000202c045e210, 0x00000202c045ec70, 0x00000202c045fa00,
0x00000202c04ba690, 0x00000202c06128d0, 0x00000202c0623190, 0x00000202c50f9d40,
0x00000202c07724e0, 0x00000202c07359a0, 0x00000202c53be5c0, 0x00000202c5227020,
0x00000202c5467d40, 0x00000202c5475330, 0x00000202c5473260, 0x00000202c5e1d740
}

Java Threads: ( => current thread )
  0x00000202a6568820 JavaThread "main"                              [_thread_blocked, id=8532, stack(0x000000963a100000,0x000000963a200000) (1024K)]
  0x00000202c040eaa0 JavaThread "Reference Handler"          daemon [_thread_blocked, id=8136, stack(0x000000963a900000,0x000000963aa00000) (1024K)]
  0x00000202c045b2e0 JavaThread "Finalizer"                  daemon [_thread_blocked, id=6160, stack(0x000000963aa00000,0x000000963ab00000) (1024K)]
  0x00000202c045cd50 JavaThread "Signal Dispatcher"          daemon [_thread_blocked, id=2376, stack(0x000000963ab00000,0x000000963ac00000) (1024K)]
  0x00000202c045d7b0 JavaThread "Attach Listener"            daemon [_thread_blocked, id=6088, stack(0x000000963ac00000,0x000000963ad00000) (1024K)]
  0x00000202c045e210 JavaThread "Service Thread"             daemon [_thread_blocked, id=2924, stack(0x000000963ad00000,0x000000963ae00000) (1024K)]
  0x00000202c045ec70 JavaThread "Monitor Deflation Thread"   daemon [_thread_blocked, id=3324, stack(0x000000963ae00000,0x000000963af00000) (1024K)]
  0x00000202c045fa00 JavaThread "C2 CompilerThread0"         daemon [_thread_in_native, id=3684, stack(0x000000963af00000,0x000000963b000000) (1024K)]
  0x00000202c04ba690 JavaThread "C1 CompilerThread0"         daemon [_thread_blocked, id=1268, stack(0x000000963b000000,0x000000963b100000) (1024K)]
  0x00000202c06128d0 JavaThread "Common-Cleaner"             daemon [_thread_blocked, id=9868, stack(0x000000963b100000,0x000000963b200000) (1024K)]
  0x00000202c0623190 JavaThread "Notification Thread"        daemon [_thread_blocked, id=9664, stack(0x000000963b200000,0x000000963b300000) (1024K)]
  0x00000202c50f9d40 JavaThread "RMI TCP Accept-15574"       daemon [_thread_in_native, id=10020, stack(0x000000963b300000,0x000000963b400000) (1024K)]
  0x00000202c07724e0 JavaThread "RMI TCP Accept-0"           daemon [_thread_in_native, id=4488, stack(0x000000963b700000,0x000000963b800000) (1024K)]
  0x00000202c07359a0 JavaThread "RMI Reaper"                        [_thread_blocked, id=8080, stack(0x000000963b800000,0x000000963b900000) (1024K)]
  0x00000202c53be5c0 JavaThread "RMI GC Daemon"              daemon [_thread_blocked, id=4724, stack(0x000000963b900000,0x000000963ba00000) (1024K)]
  0x00000202c5227020 JavaThread "RMI TCP Connection(2)-127.0.0.1" daemon [_thread_in_native, id=828, stack(0x000000963bb00000,0x000000963bc00000) (1024K)]
  0x00000202c5467d40 JavaThread "RMI Scheduler(0)"           daemon [_thread_blocked, id=8612, stack(0x000000963bc00000,0x000000963bd00000) (1024K)]
  0x00000202c5475330 JavaThread "RMI TCP Connection(4)-127.0.0.1" daemon [_thread_in_native, id=7552, stack(0x000000963be00000,0x000000963bf00000) (1024K)]
  0x00000202c5473260 JavaThread "RMI RenewClean-[127.0.0.1:52523]" daemon [_thread_blocked, id=8512, stack(0x000000963bf00000,0x000000963c000000) (1024K)]
=>0x00000202c5e1d740 JavaThread "C2 CompilerThread1"         daemon [_thread_in_native, id=2900, stack(0x0000009639e00000,0x0000009639f00000) (1024K)]
Total: 20

Other Threads:
  0x00000202c03cf070 VMThread "VM Thread"                           [id=6564, stack(0x000000963a800000,0x000000963a900000) (1024K)]
  0x00000202c0217150 WatcherThread "VM Periodic Task Thread"        [id=10048, stack(0x000000963a700000,0x000000963a800000) (1024K)]
  0x00000202a66b8e10 WorkerThread "GC Thread#0"                     [id=9428, stack(0x000000963a200000,0x000000963a300000) (1024K)]
  0x00000202c50fa720 WorkerThread "GC Thread#1"                     [id=7176, stack(0x000000963b400000,0x000000963b500000) (1024K)]
  0x00000202c50faac0 WorkerThread "GC Thread#2"                     [id=1884, stack(0x000000963b500000,0x000000963b600000) (1024K)]
  0x00000202c5344d40 WorkerThread "GC Thread#3"                     [id=3964, stack(0x000000963b600000,0x000000963b700000) (1024K)]
  0x00000202a66c9eb0 ConcurrentGCThread "G1 Main Marker"            [id=7816, stack(0x000000963a300000,0x000000963a400000) (1024K)]
  0x00000202a66cb060 WorkerThread "G1 Conc#0"                       [id=5440, stack(0x000000963a400000,0x000000963a500000) (1024K)]
  0x00000202a672e4c0 ConcurrentGCThread "G1 Refine#0"               [id=3572, stack(0x000000963a500000,0x000000963a600000) (1024K)]
  0x00000202c00e61b0 ConcurrentGCThread "G1 Service"                [id=4852, stack(0x000000963a600000,0x000000963a700000) (1024K)]
Total: 10

Threads with active compile tasks:
C2 CompilerThread1   205510 2649       4       sun.rmi.transport.StreamRemoteCall::getInputStream (60 bytes)
Total: 1

VM state: not at safepoint (normal execution)

VM Mutex/Monitor currently owned by a thread: None

Heap address: 0x0000000080000000, size: 2048 MB, Compressed Oops mode: 32-bit

CDS archive(s) not mapped
Compressed class space mapped at: 0x0000000100000000-0x0000000140000000, reserved size: 1073741824
Narrow klass base: 0x0000000000000000, Narrow klass shift: 3, Narrow klass range: 0x140000000

GC Precious Log:
 CardTable entry size: 512
 Card Set container configuration: InlinePtr #cards 5 size 8 Array Of Cards #cards 12 size 40 Howl #buckets 4 coarsen threshold 1843 Howl Bitmap #cards 512 size 80 coarsen threshold 460 Card regions per heap region 1 cards per card region 2048
 CPUs: 4 total, 4 available
 Memory: 8007M
 Large Page Support: Disabled
 NUMA Support: Disabled
 Compressed Oops: Enabled (32-bit)
 Heap Region Size: 1M
 Heap Min Capacity: 256M
 Heap Initial Capacity: 256M
 Heap Max Capacity: 2G
 Pre-touch: Disabled
 Parallel Workers: 4
 Concurrent Workers: 1
 Concurrent Refinement Workers: 4
 Periodic GC: Disabled

Heap:
 garbage-first heap   total 262144K, used 39423K [0x0000000080000000, 0x0000000100000000)
  region size 1024K, 32 young (32768K), 3 survivors (3072K)
 Metaspace       used 21361K, committed 21888K, reserved 1114112K
  class space    used 2157K, committed 2432K, reserved 1048576K

Heap Regions: E=young(eden), S=young(survivor), O=old, HS=humongous(starts), HC=humongous(continues), CS=collection set, F=free, TAMS=top-at-mark-start, PB=parsable bottom
|   0|0x0000000080000000, 0x0000000080100000, 0x0000000080100000|100%|HS|  |TAMS 0x0000000080000000| PB 0x0000000080000000| Complete 
|   1|0x0000000080100000, 0x0000000080200000, 0x0000000080200000|100%|HC|  |TAMS 0x0000000080100000| PB 0x0000000080100000| Complete 
|   2|0x0000000080200000, 0x0000000080300000, 0x0000000080300000|100%|HS|  |TAMS 0x0000000080200000| PB 0x0000000080200000| Complete 
|   3|0x0000000080300000, 0x0000000080400000, 0x0000000080400000|100%|HS|  |TAMS 0x0000000080300000| PB 0x0000000080300000| Complete 
|   4|0x0000000080400000, 0x0000000080500000, 0x0000000080500000|100%| O|  |TAMS 0x0000000080400000| PB 0x0000000080400000| Untracked 
|   5|0x0000000080500000, 0x0000000080600000, 0x0000000080600000|100%| O|  |TAMS 0x0000000080500000| PB 0x0000000080500000| Untracked 
|   6|0x0000000080600000, 0x0000000080700000, 0x0000000080700000|100%| O|  |TAMS 0x0000000080600000| PB 0x0000000080600000| Untracked 
|   7|0x0000000080700000, 0x00000000807f7b60, 0x0000000080800000| 96%| O|  |TAMS 0x0000000080700000| PB 0x0000000080700000| Untracked 
|   8|0x0000000080800000, 0x0000000080800000, 0x0000000080900000|  0%| F|  |TAMS 0x0000000080800000| PB 0x0000000080800000| Untracked 
|   9|0x0000000080900000, 0x0000000080900000, 0x0000000080a00000|  0%| F|  |TAMS 0x0000000080900000| PB 0x0000000080900000| Untracked 
|  10|0x0000000080a00000, 0x0000000080a00000, 0x0000000080b00000|  0%| F|  |TAMS 0x0000000080a00000| PB 0x0000000080a00000| Untracked 
|  11|0x0000000080b00000, 0x0000000080b00000, 0x0000000080c00000|  0%| F|  |TAMS 0x0000000080b00000| PB 0x0000000080b00000| Untracked 
|  12|0x0000000080c00000, 0x0000000080c00000, 0x0000000080d00000|  0%| F|  |TAMS 0x0000000080c00000| PB 0x0000000080c00000| Untracked 
|  13|0x0000000080d00000, 0x0000000080d00000, 0x0000000080e00000|  0%| F|  |TAMS 0x0000000080d00000| PB 0x0000000080d00000| Untracked 
|  14|0x0000000080e00000, 0x0000000080e00000, 0x0000000080f00000|  0%| F|  |TAMS 0x0000000080e00000| PB 0x0000000080e00000| Untracked 
|  15|0x0000000080f00000, 0x0000000080f00000, 0x0000000081000000|  0%| F|  |TAMS 0x0000000080f00000| PB 0x0000000080f00000| Untracked 
|  16|0x0000000081000000, 0x0000000081000000, 0x0000000081100000|  0%| F|  |TAMS 0x0000000081000000| PB 0x0000000081000000| Untracked 
|  17|0x0000000081100000, 0x0000000081100000, 0x0000000081200000|  0%| F|  |TAMS 0x0000000081100000| PB 0x0000000081100000| Untracked 
|  18|0x0000000081200000, 0x0000000081200000, 0x0000000081300000|  0%| F|  |TAMS 0x0000000081200000| PB 0x0000000081200000| Untracked 
|  19|0x0000000081300000, 0x0000000081300000, 0x0000000081400000|  0%| F|  |TAMS 0x0000000081300000| PB 0x0000000081300000| Untracked 
|  20|0x0000000081400000, 0x0000000081400000, 0x0000000081500000|  0%| F|  |TAMS 0x0000000081400000| PB 0x0000000081400000| Untracked 
|  21|0x0000000081500000, 0x0000000081500000, 0x0000000081600000|  0%| F|  |TAMS 0x0000000081500000| PB 0x0000000081500000| Untracked 
|  22|0x0000000081600000, 0x0000000081600000, 0x0000000081700000|  0%| F|  |TAMS 0x0000000081600000| PB 0x0000000081600000| Untracked 
|  23|0x0000000081700000, 0x0000000081700000, 0x0000000081800000|  0%| F|  |TAMS 0x0000000081700000| PB 0x0000000081700000| Untracked 
|  24|0x0000000081800000, 0x0000000081800000, 0x0000000081900000|  0%| F|  |TAMS 0x0000000081800000| PB 0x0000000081800000| Untracked 
|  25|0x0000000081900000, 0x0000000081900000, 0x0000000081a00000|  0%| F|  |TAMS 0x0000000081900000| PB 0x0000000081900000| Untracked 
|  26|0x0000000081a00000, 0x0000000081a00000, 0x0000000081b00000|  0%| F|  |TAMS 0x0000000081a00000| PB 0x0000000081a00000| Untracked 
|  27|0x0000000081b00000, 0x0000000081b00000, 0x0000000081c00000|  0%| F|  |TAMS 0x0000000081b00000| PB 0x0000000081b00000| Untracked 
|  28|0x0000000081c00000, 0x0000000081c00000, 0x0000000081d00000|  0%| F|  |TAMS 0x0000000081c00000| PB 0x0000000081c00000| Untracked 
|  29|0x0000000081d00000, 0x0000000081d00000, 0x0000000081e00000|  0%| F|  |TAMS 0x0000000081d00000| PB 0x0000000081d00000| Untracked 
|  30|0x0000000081e00000, 0x0000000081e00000, 0x0000000081f00000|  0%| F|  |TAMS 0x0000000081e00000| PB 0x0000000081e00000| Untracked 
|  31|0x0000000081f00000, 0x0000000081f00000, 0x0000000082000000|  0%| F|  |TAMS 0x0000000081f00000| PB 0x0000000081f00000| Untracked 
|  32|0x0000000082000000, 0x0000000082000000, 0x0000000082100000|  0%| F|  |TAMS 0x0000000082000000| PB 0x0000000082000000| Untracked 
|  33|0x0000000082100000, 0x0000000082100000, 0x0000000082200000|  0%| F|  |TAMS 0x0000000082100000| PB 0x0000000082100000| Untracked 
|  34|0x0000000082200000, 0x0000000082200000, 0x0000000082300000|  0%| F|  |TAMS 0x0000000082200000| PB 0x0000000082200000| Untracked 
|  35|0x0000000082300000, 0x0000000082300000, 0x0000000082400000|  0%| F|  |TAMS 0x0000000082300000| PB 0x0000000082300000| Untracked 
|  36|0x0000000082400000, 0x0000000082400000, 0x0000000082500000|  0%| F|  |TAMS 0x0000000082400000| PB 0x0000000082400000| Untracked 
|  37|0x0000000082500000, 0x0000000082500000, 0x0000000082600000|  0%| F|  |TAMS 0x0000000082500000| PB 0x0000000082500000| Untracked 
|  38|0x0000000082600000, 0x0000000082600000, 0x0000000082700000|  0%| F|  |TAMS 0x0000000082600000| PB 0x0000000082600000| Untracked 
|  39|0x0000000082700000, 0x0000000082700000, 0x0000000082800000|  0%| F|  |TAMS 0x0000000082700000| PB 0x0000000082700000| Untracked 
|  40|0x0000000082800000, 0x0000000082800000, 0x0000000082900000|  0%| F|  |TAMS 0x0000000082800000| PB 0x0000000082800000| Untracked 
|  41|0x0000000082900000, 0x0000000082900000, 0x0000000082a00000|  0%| F|  |TAMS 0x0000000082900000| PB 0x0000000082900000| Untracked 
|  42|0x0000000082a00000, 0x0000000082a00000, 0x0000000082b00000|  0%| F|  |TAMS 0x0000000082a00000| PB 0x0000000082a00000| Untracked 
|  43|0x0000000082b00000, 0x0000000082b00000, 0x0000000082c00000|  0%| F|  |TAMS 0x0000000082b00000| PB 0x0000000082b00000| Untracked 
|  44|0x0000000082c00000, 0x0000000082c00000, 0x0000000082d00000|  0%| F|  |TAMS 0x0000000082c00000| PB 0x0000000082c00000| Untracked 
|  45|0x0000000082d00000, 0x0000000082d00000, 0x0000000082e00000|  0%| F|  |TAMS 0x0000000082d00000| PB 0x0000000082d00000| Untracked 
|  46|0x0000000082e00000, 0x0000000082e00000, 0x0000000082f00000|  0%| F|  |TAMS 0x0000000082e00000| PB 0x0000000082e00000| Untracked 
|  47|0x0000000082f00000, 0x0000000082f00000, 0x0000000083000000|  0%| F|  |TAMS 0x0000000082f00000| PB 0x0000000082f00000| Untracked 
|  48|0x0000000083000000, 0x0000000083000000, 0x0000000083100000|  0%| F|  |TAMS 0x0000000083000000| PB 0x0000000083000000| Untracked 
|  49|0x0000000083100000, 0x0000000083100000, 0x0000000083200000|  0%| F|  |TAMS 0x0000000083100000| PB 0x0000000083100000| Untracked 
|  50|0x0000000083200000, 0x0000000083200000, 0x0000000083300000|  0%| F|  |TAMS 0x0000000083200000| PB 0x0000000083200000| Untracked 
|  51|0x0000000083300000, 0x0000000083300000, 0x0000000083400000|  0%| F|  |TAMS 0x0000000083300000| PB 0x0000000083300000| Untracked 
|  52|0x0000000083400000, 0x0000000083400000, 0x0000000083500000|  0%| F|  |TAMS 0x0000000083400000| PB 0x0000000083400000| Untracked 
|  53|0x0000000083500000, 0x0000000083500000, 0x0000000083600000|  0%| F|  |TAMS 0x0000000083500000| PB 0x0000000083500000| Untracked 
|  54|0x0000000083600000, 0x0000000083600000, 0x0000000083700000|  0%| F|  |TAMS 0x0000000083600000| PB 0x0000000083600000| Untracked 
|  55|0x0000000083700000, 0x0000000083700000, 0x0000000083800000|  0%| F|  |TAMS 0x0000000083700000| PB 0x0000000083700000| Untracked 
|  56|0x0000000083800000, 0x0000000083800000, 0x0000000083900000|  0%| F|  |TAMS 0x0000000083800000| PB 0x0000000083800000| Untracked 
|  57|0x0000000083900000, 0x0000000083900000, 0x0000000083a00000|  0%| F|  |TAMS 0x0000000083900000| PB 0x0000000083900000| Untracked 
|  58|0x0000000083a00000, 0x0000000083a00000, 0x0000000083b00000|  0%| F|  |TAMS 0x0000000083a00000| PB 0x0000000083a00000| Untracked 
|  59|0x0000000083b00000, 0x0000000083b00000, 0x0000000083c00000|  0%| F|  |TAMS 0x0000000083b00000| PB 0x0000000083b00000| Untracked 
|  60|0x0000000083c00000, 0x0000000083c00000, 0x0000000083d00000|  0%| F|  |TAMS 0x0000000083c00000| PB 0x0000000083c00000| Untracked 
|  61|0x0000000083d00000, 0x0000000083d00000, 0x0000000083e00000|  0%| F|  |TAMS 0x0000000083d00000| PB 0x0000000083d00000| Untracked 
|  62|0x0000000083e00000, 0x0000000083e00000, 0x0000000083f00000|  0%| F|  |TAMS 0x0000000083e00000| PB 0x0000000083e00000| Untracked 
|  63|0x0000000083f00000, 0x0000000083f00000, 0x0000000084000000|  0%| F|  |TAMS 0x0000000083f00000| PB 0x0000000083f00000| Untracked 
|  64|0x0000000084000000, 0x0000000084000000, 0x0000000084100000|  0%| F|  |TAMS 0x0000000084000000| PB 0x0000000084000000| Untracked 
|  65|0x0000000084100000, 0x0000000084100000, 0x0000000084200000|  0%| F|  |TAMS 0x0000000084100000| PB 0x0000000084100000| Untracked 
|  66|0x0000000084200000, 0x0000000084200000, 0x0000000084300000|  0%| F|  |TAMS 0x0000000084200000| PB 0x0000000084200000| Untracked 
|  67|0x0000000084300000, 0x0000000084300000, 0x0000000084400000|  0%| F|  |TAMS 0x0000000084300000| PB 0x0000000084300000| Untracked 
|  68|0x0000000084400000, 0x0000000084400000, 0x0000000084500000|  0%| F|  |TAMS 0x0000000084400000| PB 0x0000000084400000| Untracked 
|  69|0x0000000084500000, 0x0000000084500000, 0x0000000084600000|  0%| F|  |TAMS 0x0000000084500000| PB 0x0000000084500000| Untracked 
|  70|0x0000000084600000, 0x0000000084600000, 0x0000000084700000|  0%| F|  |TAMS 0x0000000084600000| PB 0x0000000084600000| Untracked 
|  71|0x0000000084700000, 0x0000000084700000, 0x0000000084800000|  0%| F|  |TAMS 0x0000000084700000| PB 0x0000000084700000| Untracked 
|  72|0x0000000084800000, 0x0000000084800000, 0x0000000084900000|  0%| F|  |TAMS 0x0000000084800000| PB 0x0000000084800000| Untracked 
|  73|0x0000000084900000, 0x0000000084900000, 0x0000000084a00000|  0%| F|  |TAMS 0x0000000084900000| PB 0x0000000084900000| Untracked 
|  74|0x0000000084a00000, 0x0000000084a00000, 0x0000000084b00000|  0%| F|  |TAMS 0x0000000084a00000| PB 0x0000000084a00000| Untracked 
|  75|0x0000000084b00000, 0x0000000084b00000, 0x0000000084c00000|  0%| F|  |TAMS 0x0000000084b00000| PB 0x0000000084b00000| Untracked 
|  76|0x0000000084c00000, 0x0000000084c00000, 0x0000000084d00000|  0%| F|  |TAMS 0x0000000084c00000| PB 0x0000000084c00000| Untracked 
|  77|0x0000000084d00000, 0x0000000084d00000, 0x0000000084e00000|  0%| F|  |TAMS 0x0000000084d00000| PB 0x0000000084d00000| Untracked 
|  78|0x0000000084e00000, 0x0000000084e00000, 0x0000000084f00000|  0%| F|  |TAMS 0x0000000084e00000| PB 0x0000000084e00000| Untracked 
|  79|0x0000000084f00000, 0x0000000084f00000, 0x0000000085000000|  0%| F|  |TAMS 0x0000000084f00000| PB 0x0000000084f00000| Untracked 
|  80|0x0000000085000000, 0x0000000085000000, 0x0000000085100000|  0%| F|  |TAMS 0x0000000085000000| PB 0x0000000085000000| Untracked 
|  81|0x0000000085100000, 0x0000000085100000, 0x0000000085200000|  0%| F|  |TAMS 0x0000000085100000| PB 0x0000000085100000| Untracked 
|  82|0x0000000085200000, 0x0000000085200000, 0x0000000085300000|  0%| F|  |TAMS 0x0000000085200000| PB 0x0000000085200000| Untracked 
|  83|0x0000000085300000, 0x0000000085300000, 0x0000000085400000|  0%| F|  |TAMS 0x0000000085300000| PB 0x0000000085300000| Untracked 
|  84|0x0000000085400000, 0x0000000085400000, 0x0000000085500000|  0%| F|  |TAMS 0x0000000085400000| PB 0x0000000085400000| Untracked 
|  85|0x0000000085500000, 0x0000000085500000, 0x0000000085600000|  0%| F|  |TAMS 0x0000000085500000| PB 0x0000000085500000| Untracked 
|  86|0x0000000085600000, 0x0000000085600000, 0x0000000085700000|  0%| F|  |TAMS 0x0000000085600000| PB 0x0000000085600000| Untracked 
|  87|0x0000000085700000, 0x0000000085700000, 0x0000000085800000|  0%| F|  |TAMS 0x0000000085700000| PB 0x0000000085700000| Untracked 
|  88|0x0000000085800000, 0x0000000085800000, 0x0000000085900000|  0%| F|  |TAMS 0x0000000085800000| PB 0x0000000085800000| Untracked 
|  89|0x0000000085900000, 0x0000000085900000, 0x0000000085a00000|  0%| F|  |TAMS 0x0000000085900000| PB 0x0000000085900000| Untracked 
|  90|0x0000000085a00000, 0x0000000085a00000, 0x0000000085b00000|  0%| F|  |TAMS 0x0000000085a00000| PB 0x0000000085a00000| Untracked 
|  91|0x0000000085b00000, 0x0000000085b00000, 0x0000000085c00000|  0%| F|  |TAMS 0x0000000085b00000| PB 0x0000000085b00000| Untracked 
|  92|0x0000000085c00000, 0x0000000085c00000, 0x0000000085d00000|  0%| F|  |TAMS 0x0000000085c00000| PB 0x0000000085c00000| Untracked 
|  93|0x0000000085d00000, 0x0000000085d00000, 0x0000000085e00000|  0%| F|  |TAMS 0x0000000085d00000| PB 0x0000000085d00000| Untracked 
|  94|0x0000000085e00000, 0x0000000085e00000, 0x0000000085f00000|  0%| F|  |TAMS 0x0000000085e00000| PB 0x0000000085e00000| Untracked 
|  95|0x0000000085f00000, 0x0000000085f00000, 0x0000000086000000|  0%| F|  |TAMS 0x0000000085f00000| PB 0x0000000085f00000| Untracked 
|  96|0x0000000086000000, 0x0000000086000000, 0x0000000086100000|  0%| F|  |TAMS 0x0000000086000000| PB 0x0000000086000000| Untracked 
|  97|0x0000000086100000, 0x0000000086100000, 0x0000000086200000|  0%| F|  |TAMS 0x0000000086100000| PB 0x0000000086100000| Untracked 
|  98|0x0000000086200000, 0x0000000086200000, 0x0000000086300000|  0%| F|  |TAMS 0x0000000086200000| PB 0x0000000086200000| Untracked 
|  99|0x0000000086300000, 0x0000000086300000, 0x0000000086400000|  0%| F|  |TAMS 0x0000000086300000| PB 0x0000000086300000| Untracked 
| 100|0x0000000086400000, 0x0000000086400000, 0x0000000086500000|  0%| F|  |TAMS 0x0000000086400000| PB 0x0000000086400000| Untracked 
| 101|0x0000000086500000, 0x0000000086500000, 0x0000000086600000|  0%| F|  |TAMS 0x0000000086500000| PB 0x0000000086500000| Untracked 
| 102|0x0000000086600000, 0x0000000086600000, 0x0000000086700000|  0%| F|  |TAMS 0x0000000086600000| PB 0x0000000086600000| Untracked 
| 103|0x0000000086700000, 0x0000000086700000, 0x0000000086800000|  0%| F|  |TAMS 0x0000000086700000| PB 0x0000000086700000| Untracked 
| 104|0x0000000086800000, 0x0000000086800000, 0x0000000086900000|  0%| F|  |TAMS 0x0000000086800000| PB 0x0000000086800000| Untracked 
| 105|0x0000000086900000, 0x0000000086900000, 0x0000000086a00000|  0%| F|  |TAMS 0x0000000086900000| PB 0x0000000086900000| Untracked 
| 106|0x0000000086a00000, 0x0000000086a00000, 0x0000000086b00000|  0%| F|  |TAMS 0x0000000086a00000| PB 0x0000000086a00000| Untracked 
| 107|0x0000000086b00000, 0x0000000086b00000, 0x0000000086c00000|  0%| F|  |TAMS 0x0000000086b00000| PB 0x0000000086b00000| Untracked 
| 108|0x0000000086c00000, 0x0000000086c00000, 0x0000000086d00000|  0%| F|  |TAMS 0x0000000086c00000| PB 0x0000000086c00000| Untracked 
| 109|0x0000000086d00000, 0x0000000086d00000, 0x0000000086e00000|  0%| F|  |TAMS 0x0000000086d00000| PB 0x0000000086d00000| Untracked 
| 110|0x0000000086e00000, 0x0000000086e00000, 0x0000000086f00000|  0%| F|  |TAMS 0x0000000086e00000| PB 0x0000000086e00000| Untracked 
| 111|0x0000000086f00000, 0x0000000086f00000, 0x0000000087000000|  0%| F|  |TAMS 0x0000000086f00000| PB 0x0000000086f00000| Untracked 
| 112|0x0000000087000000, 0x0000000087000000, 0x0000000087100000|  0%| F|  |TAMS 0x0000000087000000| PB 0x0000000087000000| Untracked 
| 113|0x0000000087100000, 0x0000000087100000, 0x0000000087200000|  0%| F|  |TAMS 0x0000000087100000| PB 0x0000000087100000| Untracked 
| 114|0x0000000087200000, 0x0000000087200000, 0x0000000087300000|  0%| F|  |TAMS 0x0000000087200000| PB 0x0000000087200000| Untracked 
| 115|0x0000000087300000, 0x0000000087300000, 0x0000000087400000|  0%| F|  |TAMS 0x0000000087300000| PB 0x0000000087300000| Untracked 
| 116|0x0000000087400000, 0x0000000087400000, 0x0000000087500000|  0%| F|  |TAMS 0x0000000087400000| PB 0x0000000087400000| Untracked 
| 117|0x0000000087500000, 0x0000000087500000, 0x0000000087600000|  0%| F|  |TAMS 0x0000000087500000| PB 0x0000000087500000| Untracked 
| 118|0x0000000087600000, 0x0000000087600000, 0x0000000087700000|  0%| F|  |TAMS 0x0000000087600000| PB 0x0000000087600000| Untracked 
| 119|0x0000000087700000, 0x0000000087700000, 0x0000000087800000|  0%| F|  |TAMS 0x0000000087700000| PB 0x0000000087700000| Untracked 
| 120|0x0000000087800000, 0x0000000087800000, 0x0000000087900000|  0%| F|  |TAMS 0x0000000087800000| PB 0x0000000087800000| Untracked 
| 121|0x0000000087900000, 0x0000000087900000, 0x0000000087a00000|  0%| F|  |TAMS 0x0000000087900000| PB 0x0000000087900000| Untracked 
| 122|0x0000000087a00000, 0x0000000087a00000, 0x0000000087b00000|  0%| F|  |TAMS 0x0000000087a00000| PB 0x0000000087a00000| Untracked 
| 123|0x0000000087b00000, 0x0000000087b00000, 0x0000000087c00000|  0%| F|  |TAMS 0x0000000087b00000| PB 0x0000000087b00000| Untracked 
| 124|0x0000000087c00000, 0x0000000087c00000, 0x0000000087d00000|  0%| F|  |TAMS 0x0000000087c00000| PB 0x0000000087c00000| Untracked 
| 125|0x0000000087d00000, 0x0000000087d00000, 0x0000000087e00000|  0%| F|  |TAMS 0x0000000087d00000| PB 0x0000000087d00000| Untracked 
| 126|0x0000000087e00000, 0x0000000087e00000, 0x0000000087f00000|  0%| F|  |TAMS 0x0000000087e00000| PB 0x0000000087e00000| Untracked 
| 127|0x0000000087f00000, 0x0000000087f00000, 0x0000000088000000|  0%| F|  |TAMS 0x0000000087f00000| PB 0x0000000087f00000| Untracked 
| 128|0x0000000088000000, 0x0000000088000000, 0x0000000088100000|  0%| F|  |TAMS 0x0000000088000000| PB 0x0000000088000000| Untracked 
| 129|0x0000000088100000, 0x0000000088100000, 0x0000000088200000|  0%| F|  |TAMS 0x0000000088100000| PB 0x0000000088100000| Untracked 
| 130|0x0000000088200000, 0x0000000088200000, 0x0000000088300000|  0%| F|  |TAMS 0x0000000088200000| PB 0x0000000088200000| Untracked 
| 131|0x0000000088300000, 0x0000000088300000, 0x0000000088400000|  0%| F|  |TAMS 0x0000000088300000| PB 0x0000000088300000| Untracked 
| 132|0x0000000088400000, 0x0000000088400000, 0x0000000088500000|  0%| F|  |TAMS 0x0000000088400000| PB 0x0000000088400000| Untracked 
| 133|0x0000000088500000, 0x0000000088500000, 0x0000000088600000|  0%| F|  |TAMS 0x0000000088500000| PB 0x0000000088500000| Untracked 
| 134|0x0000000088600000, 0x0000000088600000, 0x0000000088700000|  0%| F|  |TAMS 0x0000000088600000| PB 0x0000000088600000| Untracked 
| 135|0x0000000088700000, 0x0000000088700000, 0x0000000088800000|  0%| F|  |TAMS 0x0000000088700000| PB 0x0000000088700000| Untracked 
| 136|0x0000000088800000, 0x0000000088800000, 0x0000000088900000|  0%| F|  |TAMS 0x0000000088800000| PB 0x0000000088800000| Untracked 
| 137|0x0000000088900000, 0x0000000088900000, 0x0000000088a00000|  0%| F|  |TAMS 0x0000000088900000| PB 0x0000000088900000| Untracked 
| 138|0x0000000088a00000, 0x0000000088a00000, 0x0000000088b00000|  0%| F|  |TAMS 0x0000000088a00000| PB 0x0000000088a00000| Untracked 
| 139|0x0000000088b00000, 0x0000000088b00000, 0x0000000088c00000|  0%| F|  |TAMS 0x0000000088b00000| PB 0x0000000088b00000| Untracked 
| 140|0x0000000088c00000, 0x0000000088c00000, 0x0000000088d00000|  0%| F|  |TAMS 0x0000000088c00000| PB 0x0000000088c00000| Untracked 
| 141|0x0000000088d00000, 0x0000000088d00000, 0x0000000088e00000|  0%| F|  |TAMS 0x0000000088d00000| PB 0x0000000088d00000| Untracked 
| 142|0x0000000088e00000, 0x0000000088e00000, 0x0000000088f00000|  0%| F|  |TAMS 0x0000000088e00000| PB 0x0000000088e00000| Untracked 
| 143|0x0000000088f00000, 0x0000000088f00000, 0x0000000089000000|  0%| F|  |TAMS 0x0000000088f00000| PB 0x0000000088f00000| Untracked 
| 144|0x0000000089000000, 0x0000000089000000, 0x0000000089100000|  0%| F|  |TAMS 0x0000000089000000| PB 0x0000000089000000| Untracked 
| 145|0x0000000089100000, 0x0000000089100000, 0x0000000089200000|  0%| F|  |TAMS 0x0000000089100000| PB 0x0000000089100000| Untracked 
| 146|0x0000000089200000, 0x0000000089200000, 0x0000000089300000|  0%| F|  |TAMS 0x0000000089200000| PB 0x0000000089200000| Untracked 
| 147|0x0000000089300000, 0x0000000089300000, 0x0000000089400000|  0%| F|  |TAMS 0x0000000089300000| PB 0x0000000089300000| Untracked 
| 148|0x0000000089400000, 0x0000000089400000, 0x0000000089500000|  0%| F|  |TAMS 0x0000000089400000| PB 0x0000000089400000| Untracked 
| 149|0x0000000089500000, 0x0000000089500000, 0x0000000089600000|  0%| F|  |TAMS 0x0000000089500000| PB 0x0000000089500000| Untracked 
| 150|0x0000000089600000, 0x0000000089600000, 0x0000000089700000|  0%| F|  |TAMS 0x0000000089600000| PB 0x0000000089600000| Untracked 
| 151|0x0000000089700000, 0x0000000089700000, 0x0000000089800000|  0%| F|  |TAMS 0x0000000089700000| PB 0x0000000089700000| Untracked 
| 152|0x0000000089800000, 0x0000000089800000, 0x0000000089900000|  0%| F|  |TAMS 0x0000000089800000| PB 0x0000000089800000| Untracked 
| 153|0x0000000089900000, 0x0000000089900000, 0x0000000089a00000|  0%| F|  |TAMS 0x0000000089900000| PB 0x0000000089900000| Untracked 
| 154|0x0000000089a00000, 0x0000000089a00000, 0x0000000089b00000|  0%| F|  |TAMS 0x0000000089a00000| PB 0x0000000089a00000| Untracked 
| 155|0x0000000089b00000, 0x0000000089b00000, 0x0000000089c00000|  0%| F|  |TAMS 0x0000000089b00000| PB 0x0000000089b00000| Untracked 
| 156|0x0000000089c00000, 0x0000000089c00000, 0x0000000089d00000|  0%| F|  |TAMS 0x0000000089c00000| PB 0x0000000089c00000| Untracked 
| 157|0x0000000089d00000, 0x0000000089d00000, 0x0000000089e00000|  0%| F|  |TAMS 0x0000000089d00000| PB 0x0000000089d00000| Untracked 
| 158|0x0000000089e00000, 0x0000000089e00000, 0x0000000089f00000|  0%| F|  |TAMS 0x0000000089e00000| PB 0x0000000089e00000| Untracked 
| 159|0x0000000089f00000, 0x0000000089f00000, 0x000000008a000000|  0%| F|  |TAMS 0x0000000089f00000| PB 0x0000000089f00000| Untracked 
| 160|0x000000008a000000, 0x000000008a000000, 0x000000008a100000|  0%| F|  |TAMS 0x000000008a000000| PB 0x000000008a000000| Untracked 
| 161|0x000000008a100000, 0x000000008a100000, 0x000000008a200000|  0%| F|  |TAMS 0x000000008a100000| PB 0x000000008a100000| Untracked 
| 162|0x000000008a200000, 0x000000008a200000, 0x000000008a300000|  0%| F|  |TAMS 0x000000008a200000| PB 0x000000008a200000| Untracked 
| 163|0x000000008a300000, 0x000000008a300000, 0x000000008a400000|  0%| F|  |TAMS 0x000000008a300000| PB 0x000000008a300000| Untracked 
| 164|0x000000008a400000, 0x000000008a400000, 0x000000008a500000|  0%| F|  |TAMS 0x000000008a400000| PB 0x000000008a400000| Untracked 
| 165|0x000000008a500000, 0x000000008a500000, 0x000000008a600000|  0%| F|  |TAMS 0x000000008a500000| PB 0x000000008a500000| Untracked 
| 166|0x000000008a600000, 0x000000008a600000, 0x000000008a700000|  0%| F|  |TAMS 0x000000008a600000| PB 0x000000008a600000| Untracked 
| 167|0x000000008a700000, 0x000000008a700000, 0x000000008a800000|  0%| F|  |TAMS 0x000000008a700000| PB 0x000000008a700000| Untracked 
| 168|0x000000008a800000, 0x000000008a800000, 0x000000008a900000|  0%| F|  |TAMS 0x000000008a800000| PB 0x000000008a800000| Untracked 
| 169|0x000000008a900000, 0x000000008a900000, 0x000000008aa00000|  0%| F|  |TAMS 0x000000008a900000| PB 0x000000008a900000| Untracked 
| 170|0x000000008aa00000, 0x000000008aa00000, 0x000000008ab00000|  0%| F|  |TAMS 0x000000008aa00000| PB 0x000000008aa00000| Untracked 
| 171|0x000000008ab00000, 0x000000008ab00000, 0x000000008ac00000|  0%| F|  |TAMS 0x000000008ab00000| PB 0x000000008ab00000| Untracked 
| 172|0x000000008ac00000, 0x000000008ac00000, 0x000000008ad00000|  0%| F|  |TAMS 0x000000008ac00000| PB 0x000000008ac00000| Untracked 
| 173|0x000000008ad00000, 0x000000008ad00000, 0x000000008ae00000|  0%| F|  |TAMS 0x000000008ad00000| PB 0x000000008ad00000| Untracked 
| 174|0x000000008ae00000, 0x000000008ae00000, 0x000000008af00000|  0%| F|  |TAMS 0x000000008ae00000| PB 0x000000008ae00000| Untracked 
| 175|0x000000008af00000, 0x000000008af00000, 0x000000008b000000|  0%| F|  |TAMS 0x000000008af00000| PB 0x000000008af00000| Untracked 
| 176|0x000000008b000000, 0x000000008b000000, 0x000000008b100000|  0%| F|  |TAMS 0x000000008b000000| PB 0x000000008b000000| Untracked 
| 177|0x000000008b100000, 0x000000008b100000, 0x000000008b200000|  0%| F|  |TAMS 0x000000008b100000| PB 0x000000008b100000| Untracked 
| 178|0x000000008b200000, 0x000000008b200000, 0x000000008b300000|  0%| F|  |TAMS 0x000000008b200000| PB 0x000000008b200000| Untracked 
| 179|0x000000008b300000, 0x000000008b300000, 0x000000008b400000|  0%| F|  |TAMS 0x000000008b300000| PB 0x000000008b300000| Untracked 
| 180|0x000000008b400000, 0x000000008b400000, 0x000000008b500000|  0%| F|  |TAMS 0x000000008b400000| PB 0x000000008b400000| Untracked 
| 181|0x000000008b500000, 0x000000008b500000, 0x000000008b600000|  0%| F|  |TAMS 0x000000008b500000| PB 0x000000008b500000| Untracked 
| 182|0x000000008b600000, 0x000000008b600000, 0x000000008b700000|  0%| F|  |TAMS 0x000000008b600000| PB 0x000000008b600000| Untracked 
| 183|0x000000008b700000, 0x000000008b700000, 0x000000008b800000|  0%| F|  |TAMS 0x000000008b700000| PB 0x000000008b700000| Untracked 
| 184|0x000000008b800000, 0x000000008b800000, 0x000000008b900000|  0%| F|  |TAMS 0x000000008b800000| PB 0x000000008b800000| Untracked 
| 185|0x000000008b900000, 0x000000008b900000, 0x000000008ba00000|  0%| F|  |TAMS 0x000000008b900000| PB 0x000000008b900000| Untracked 
| 186|0x000000008ba00000, 0x000000008ba00000, 0x000000008bb00000|  0%| F|  |TAMS 0x000000008ba00000| PB 0x000000008ba00000| Untracked 
| 187|0x000000008bb00000, 0x000000008bb00000, 0x000000008bc00000|  0%| F|  |TAMS 0x000000008bb00000| PB 0x000000008bb00000| Untracked 
| 188|0x000000008bc00000, 0x000000008bc00000, 0x000000008bd00000|  0%| F|  |TAMS 0x000000008bc00000| PB 0x000000008bc00000| Untracked 
| 189|0x000000008bd00000, 0x000000008bd00000, 0x000000008be00000|  0%| F|  |TAMS 0x000000008bd00000| PB 0x000000008bd00000| Untracked 
| 190|0x000000008be00000, 0x000000008be00000, 0x000000008bf00000|  0%| F|  |TAMS 0x000000008be00000| PB 0x000000008be00000| Untracked 
| 191|0x000000008bf00000, 0x000000008bf00000, 0x000000008c000000|  0%| F|  |TAMS 0x000000008bf00000| PB 0x000000008bf00000| Untracked 
| 192|0x000000008c000000, 0x000000008c000000, 0x000000008c100000|  0%| F|  |TAMS 0x000000008c000000| PB 0x000000008c000000| Untracked 
| 193|0x000000008c100000, 0x000000008c100000, 0x000000008c200000|  0%| F|  |TAMS 0x000000008c100000| PB 0x000000008c100000| Untracked 
| 194|0x000000008c200000, 0x000000008c200000, 0x000000008c300000|  0%| F|  |TAMS 0x000000008c200000| PB 0x000000008c200000| Untracked 
| 195|0x000000008c300000, 0x000000008c300000, 0x000000008c400000|  0%| F|  |TAMS 0x000000008c300000| PB 0x000000008c300000| Untracked 
| 196|0x000000008c400000, 0x000000008c400000, 0x000000008c500000|  0%| F|  |TAMS 0x000000008c400000| PB 0x000000008c400000| Untracked 
| 197|0x000000008c500000, 0x000000008c500000, 0x000000008c600000|  0%| F|  |TAMS 0x000000008c500000| PB 0x000000008c500000| Untracked 
| 198|0x000000008c600000, 0x000000008c600000, 0x000000008c700000|  0%| F|  |TAMS 0x000000008c600000| PB 0x000000008c600000| Untracked 
| 199|0x000000008c700000, 0x000000008c700000, 0x000000008c800000|  0%| F|  |TAMS 0x000000008c700000| PB 0x000000008c700000| Untracked 
| 200|0x000000008c800000, 0x000000008c800000, 0x000000008c900000|  0%| F|  |TAMS 0x000000008c800000| PB 0x000000008c800000| Untracked 
| 201|0x000000008c900000, 0x000000008c900000, 0x000000008ca00000|  0%| F|  |TAMS 0x000000008c900000| PB 0x000000008c900000| Untracked 
| 202|0x000000008ca00000, 0x000000008ca00000, 0x000000008cb00000|  0%| F|  |TAMS 0x000000008ca00000| PB 0x000000008ca00000| Untracked 
| 203|0x000000008cb00000, 0x000000008cb00000, 0x000000008cc00000|  0%| F|  |TAMS 0x000000008cb00000| PB 0x000000008cb00000| Untracked 
| 204|0x000000008cc00000, 0x000000008cc00000, 0x000000008cd00000|  0%| F|  |TAMS 0x000000008cc00000| PB 0x000000008cc00000| Untracked 
| 205|0x000000008cd00000, 0x000000008cd00000, 0x000000008ce00000|  0%| F|  |TAMS 0x000000008cd00000| PB 0x000000008cd00000| Untracked 
| 206|0x000000008ce00000, 0x000000008ce00000, 0x000000008cf00000|  0%| F|  |TAMS 0x000000008ce00000| PB 0x000000008ce00000| Untracked 
| 207|0x000000008cf00000, 0x000000008cf00000, 0x000000008d000000|  0%| F|  |TAMS 0x000000008cf00000| PB 0x000000008cf00000| Untracked 
| 208|0x000000008d000000, 0x000000008d000000, 0x000000008d100000|  0%| F|  |TAMS 0x000000008d000000| PB 0x000000008d000000| Untracked 
| 209|0x000000008d100000, 0x000000008d100000, 0x000000008d200000|  0%| F|  |TAMS 0x000000008d100000| PB 0x000000008d100000| Untracked 
| 210|0x000000008d200000, 0x000000008d200000, 0x000000008d300000|  0%| F|  |TAMS 0x000000008d200000| PB 0x000000008d200000| Untracked 
| 211|0x000000008d300000, 0x000000008d300000, 0x000000008d400000|  0%| F|  |TAMS 0x000000008d300000| PB 0x000000008d300000| Untracked 
| 212|0x000000008d400000, 0x000000008d400000, 0x000000008d500000|  0%| F|  |TAMS 0x000000008d400000| PB 0x000000008d400000| Untracked 
| 213|0x000000008d500000, 0x000000008d500000, 0x000000008d600000|  0%| F|  |TAMS 0x000000008d500000| PB 0x000000008d500000| Untracked 
| 214|0x000000008d600000, 0x000000008d600000, 0x000000008d700000|  0%| F|  |TAMS 0x000000008d600000| PB 0x000000008d600000| Untracked 
| 215|0x000000008d700000, 0x000000008d700000, 0x000000008d800000|  0%| F|  |TAMS 0x000000008d700000| PB 0x000000008d700000| Untracked 
| 216|0x000000008d800000, 0x000000008d800000, 0x000000008d900000|  0%| F|  |TAMS 0x000000008d800000| PB 0x000000008d800000| Untracked 
| 217|0x000000008d900000, 0x000000008d900000, 0x000000008da00000|  0%| F|  |TAMS 0x000000008d900000| PB 0x000000008d900000| Untracked 
| 218|0x000000008da00000, 0x000000008da00000, 0x000000008db00000|  0%| F|  |TAMS 0x000000008da00000| PB 0x000000008da00000| Untracked 
| 219|0x000000008db00000, 0x000000008db00000, 0x000000008dc00000|  0%| F|  |TAMS 0x000000008db00000| PB 0x000000008db00000| Untracked 
| 220|0x000000008dc00000, 0x000000008dc00000, 0x000000008dd00000|  0%| F|  |TAMS 0x000000008dc00000| PB 0x000000008dc00000| Untracked 
| 221|0x000000008dd00000, 0x000000008dd00000, 0x000000008de00000|  0%| F|  |TAMS 0x000000008dd00000| PB 0x000000008dd00000| Untracked 
| 222|0x000000008de00000, 0x000000008de00000, 0x000000008df00000|  0%| F|  |TAMS 0x000000008de00000| PB 0x000000008de00000| Untracked 
| 223|0x000000008df00000, 0x000000008df00000, 0x000000008e000000|  0%| F|  |TAMS 0x000000008df00000| PB 0x000000008df00000| Untracked 
| 224|0x000000008e000000, 0x000000008e080800, 0x000000008e100000| 50%| E|  |TAMS 0x000000008e000000| PB 0x000000008e000000| Complete 
| 225|0x000000008e100000, 0x000000008e200000, 0x000000008e200000|100%| E|CS|TAMS 0x000000008e100000| PB 0x000000008e100000| Complete 
| 226|0x000000008e200000, 0x000000008e300000, 0x000000008e300000|100%| E|CS|TAMS 0x000000008e200000| PB 0x000000008e200000| Complete 
| 227|0x000000008e300000, 0x000000008e400000, 0x000000008e400000|100%| E|CS|TAMS 0x000000008e300000| PB 0x000000008e300000| Complete 
| 228|0x000000008e400000, 0x000000008e500000, 0x000000008e500000|100%| E|CS|TAMS 0x000000008e400000| PB 0x000000008e400000| Complete 
| 229|0x000000008e500000, 0x000000008e600000, 0x000000008e600000|100%| E|CS|TAMS 0x000000008e500000| PB 0x000000008e500000| Complete 
| 230|0x000000008e600000, 0x000000008e700000, 0x000000008e700000|100%| E|CS|TAMS 0x000000008e600000| PB 0x000000008e600000| Complete 
| 231|0x000000008e700000, 0x000000008e800000, 0x000000008e800000|100%| E|CS|TAMS 0x000000008e700000| PB 0x000000008e700000| Complete 
| 232|0x000000008e800000, 0x000000008e900000, 0x000000008e900000|100%| E|CS|TAMS 0x000000008e800000| PB 0x000000008e800000| Complete 
| 233|0x000000008e900000, 0x000000008ea00000, 0x000000008ea00000|100%| E|CS|TAMS 0x000000008e900000| PB 0x000000008e900000| Complete 
| 234|0x000000008ea00000, 0x000000008ea88380, 0x000000008eb00000| 53%| S|CS|TAMS 0x000000008ea00000| PB 0x000000008ea00000| Complete 
| 235|0x000000008eb00000, 0x000000008ec00000, 0x000000008ec00000|100%| S|CS|TAMS 0x000000008eb00000| PB 0x000000008eb00000| Complete 
| 236|0x000000008ec00000, 0x000000008ed00000, 0x000000008ed00000|100%| S|CS|TAMS 0x000000008ec00000| PB 0x000000008ec00000| Complete 
| 237|0x000000008ed00000, 0x000000008ee00000, 0x000000008ee00000|100%| E|CS|TAMS 0x000000008ed00000| PB 0x000000008ed00000| Complete 
| 238|0x000000008ee00000, 0x000000008ef00000, 0x000000008ef00000|100%| E|CS|TAMS 0x000000008ee00000| PB 0x000000008ee00000| Complete 
| 239|0x000000008ef00000, 0x000000008f000000, 0x000000008f000000|100%| E|CS|TAMS 0x000000008ef00000| PB 0x000000008ef00000| Complete 
| 240|0x000000008f000000, 0x000000008f100000, 0x000000008f100000|100%| E|CS|TAMS 0x000000008f000000| PB 0x000000008f000000| Complete 
| 241|0x000000008f100000, 0x000000008f200000, 0x000000008f200000|100%| E|CS|TAMS 0x000000008f100000| PB 0x000000008f100000| Complete 
| 242|0x000000008f200000, 0x000000008f300000, 0x000000008f300000|100%| E|CS|TAMS 0x000000008f200000| PB 0x000000008f200000| Complete 
| 243|0x000000008f300000, 0x000000008f400000, 0x000000008f400000|100%| E|CS|TAMS 0x000000008f300000| PB 0x000000008f300000| Complete 
| 244|0x000000008f400000, 0x000000008f500000, 0x000000008f500000|100%| E|CS|TAMS 0x000000008f400000| PB 0x000000008f400000| Complete 
| 245|0x000000008f500000, 0x000000008f600000, 0x000000008f600000|100%| E|CS|TAMS 0x000000008f500000| PB 0x000000008f500000| Complete 
| 246|0x000000008f600000, 0x000000008f700000, 0x000000008f700000|100%| E|CS|TAMS 0x000000008f600000| PB 0x000000008f600000| Complete 
| 247|0x000000008f700000, 0x000000008f800000, 0x000000008f800000|100%| E|CS|TAMS 0x000000008f700000| PB 0x000000008f700000| Complete 
| 248|0x000000008f800000, 0x000000008f900000, 0x000000008f900000|100%| E|CS|TAMS 0x000000008f800000| PB 0x000000008f800000| Complete 
| 249|0x000000008f900000, 0x000000008fa00000, 0x000000008fa00000|100%| E|CS|TAMS 0x000000008f900000| PB 0x000000008f900000| Complete 
| 250|0x000000008fa00000, 0x000000008fb00000, 0x000000008fb00000|100%| E|CS|TAMS 0x000000008fa00000| PB 0x000000008fa00000| Complete 
| 251|0x000000008fb00000, 0x000000008fc00000, 0x000000008fc00000|100%| E|CS|TAMS 0x000000008fb00000| PB 0x000000008fb00000| Complete 
| 252|0x000000008fc00000, 0x000000008fd00000, 0x000000008fd00000|100%| E|CS|TAMS 0x000000008fc00000| PB 0x000000008fc00000| Complete 
| 253|0x000000008fd00000, 0x000000008fe00000, 0x000000008fe00000|100%| E|CS|TAMS 0x000000008fd00000| PB 0x000000008fd00000| Complete 
| 254|0x000000008fe00000, 0x000000008ff00000, 0x000000008ff00000|100%| E|CS|TAMS 0x000000008fe00000| PB 0x000000008fe00000| Complete 
| 255|0x000000008ff00000, 0x0000000090000000, 0x0000000090000000|100%| E|CS|TAMS 0x000000008ff00000| PB 0x000000008ff00000| Complete 

Card table byte_map: [0x00000202bb7a0000,0x00000202bbba0000] _byte_map_base: 0x00000202bb3a0000

Marking Bits: (CMBitMap*) 0x00000202a66b9420
 Bits: [0x00000202bbba0000, 0x00000202bdba0000)

Polling page: 0x00000202a64e0000

Metaspace:

Usage:
  Non-class:     18.75 MB used.
      Class:      2.11 MB used.
       Both:     20.86 MB used.

Virtual space:
  Non-class space:       64.00 MB reserved,      19.00 MB ( 30%) committed,  1 nodes.
      Class space:        1.00 GB reserved,       2.38 MB ( <1%) committed,  1 nodes.
             Both:        1.06 GB reserved,      21.38 MB (  2%) committed. 

Chunk freelists:
   Non-Class:  12.39 MB
       Class:  13.49 MB
        Both:  25.88 MB

MaxMetaspaceSize: unlimited
CompressedClassSpaceSize: 1.00 GB
Initial GC threshold: 21.00 MB
Current GC threshold: 35.12 MB
CDS: off
 - commit_granule_bytes: 65536.
 - commit_granule_words: 8192.
 - virtual_space_node_default_size: 8388608.
 - enlarge_chunks_in_place: 1.
 - use_allocation_guard: 0.


Internal statistics:

num_allocs_failed_limit: 3.
num_arena_births: 614.
num_arena_deaths: 0.
num_vsnodes_births: 2.
num_vsnodes_deaths: 0.
num_space_committed: 342.
num_space_uncommitted: 0.
num_chunks_returned_to_freelist: 3.
num_chunks_taken_from_freelist: 1073.
num_chunk_merges: 0.
num_chunk_splits: 617.
num_chunks_enlarged: 241.
num_inconsistent_stats: 0.

CodeHeap 'non-profiled nmethods': size=120000Kb used=1272Kb max_used=1272Kb free=118727Kb
 bounds [0x00000202b3840000, 0x00000202b3ab0000, 0x00000202bad70000]
CodeHeap 'profiled nmethods': size=120000Kb used=5637Kb max_used=5637Kb free=114362Kb
 bounds [0x00000202abd70000, 0x00000202ac300000, 0x00000202b32a0000]
CodeHeap 'non-nmethods': size=5760Kb used=1407Kb max_used=1482Kb free=4352Kb
 bounds [0x00000202b32a0000, 0x00000202b3510000, 0x00000202b3840000]
 total_blobs=3193 nmethods=2687 adapters=410
 compilation: enabled
              stopped_count=0, restarted_count=0
 full_count=0

Compilation events (20 events):
Event: 205.098 Thread 0x00000202c04ba690 2655       3       java.util.Vector::<init> (7 bytes)
Event: 205.098 Thread 0x00000202c04ba690 nmethod 2655 0x00000202ac2e3190 code [0x00000202ac2e3340, 0x00000202ac2e3480]
Event: 205.098 Thread 0x00000202c04ba690 2656       3       java.util.Vector::<init> (49 bytes)
Event: 205.098 Thread 0x00000202c04ba690 nmethod 2656 0x00000202ac2e3510 code [0x00000202ac2e3760, 0x00000202ac2e3f50]
Event: 205.098 Thread 0x00000202c04ba690 2657       3       sun.rmi.transport.WeakRef::<init> (17 bytes)
Event: 205.099 Thread 0x00000202c04ba690 nmethod 2657 0x00000202ac2e4290 code [0x00000202ac2e4480, 0x00000202ac2e48f0]
Event: 205.235 Thread 0x00000202c04ba690 2658       3       java.rmi.server.ObjID::<init> (52 bytes)
Event: 205.236 Thread 0x00000202c04ba690 nmethod 2658 0x00000202ac2e4a90 code [0x00000202ac2e4d20, 0x00000202ac2e5790]
Event: 205.237 Thread 0x00000202c04ba690 2659   !   3       sun.rmi.transport.ObjectTable::putTarget (142 bytes)
Event: 205.238 Thread 0x00000202c04ba690 nmethod 2659 0x00000202ac2e5b10 code [0x00000202ac2e5e20, 0x00000202ac2e6ee0]
Event: 205.277 Thread 0x00000202c04ba690 2660       3       java.util.TreeMap::rotateLeft (96 bytes)
Event: 205.277 Thread 0x00000202c04ba690 nmethod 2660 0x00000202ac2e7710 code [0x00000202ac2e78e0, 0x00000202ac2e7df0]
Event: 205.300 Thread 0x00000202c04ba690 2662       3       java.util.concurrent.ScheduledThreadPoolExecutor::schedule (56 bytes)
Event: 205.301 Thread 0x00000202c04ba690 nmethod 2662 0x00000202ac2e7f10 code [0x00000202ac2e8160, 0x00000202ac2e8aa8]
Event: 205.302 Thread 0x00000202c04ba690 2663       3       org.sqlite.jdbc3.JDBC3ResultSet$$Lambda/0x000000010022cb08::run (14 bytes)
Event: 205.302 Thread 0x00000202c04ba690 nmethod 2663 0x00000202ac2e8f10 code [0x00000202ac2e90c0, 0x00000202ac2e9218]
Event: 205.303 Thread 0x00000202c04ba690 2664       3       org.sqlite.jdbc3.JDBC3ResultSet::lambda$safeGetLongCol$4 (11 bytes)
Event: 205.303 Thread 0x00000202c04ba690 nmethod 2664 0x00000202ac2e9310 code [0x00000202ac2e94e0, 0x00000202ac2e97f8]
Event: 205.316 Thread 0x00000202c04ba690 2665  s!   3       com.intellij.database.remote.jdba.jdbc.JdbcIntermediateSeance::close (90 bytes)
Event: 205.319 Thread 0x00000202c04ba690 nmethod 2665 0x00000202ac2e9990 code [0x00000202ac2e9c80, 0x00000202ac2eb080]

GC Heap History (6 events):
Event: 3.445 GC heap before
{Heap before GC invocations=0 (full 0):
 garbage-first heap   total 262144K, used 16384K [0x0000000080000000, 0x0000000100000000)
  region size 1024K, 13 young (13312K), 0 survivors (0K)
 Metaspace       used 13561K, committed 13760K, reserved 1114112K
  class space    used 1350K, committed 1472K, reserved 1048576K
}
Event: 3.462 GC heap after
{Heap after GC invocations=1 (full 0):
 garbage-first heap   total 262144K, used 8032K [0x0000000080000000, 0x0000000100000000)
  region size 1024K, 2 young (2048K), 2 survivors (2048K)
 Metaspace       used 13561K, committed 13760K, reserved 1114112K
  class space    used 1350K, committed 1472K, reserved 1048576K
}
Event: 6.229 GC heap before
{Heap before GC invocations=1 (full 0):
 garbage-first heap   total 262144K, used 22368K [0x0000000080000000, 0x0000000100000000)
  region size 1024K, 16 young (16384K), 2 survivors (2048K)
 Metaspace       used 20036K, committed 20416K, reserved 1114112K
  class space    used 2064K, committed 2240K, reserved 1048576K
}
Event: 6.238 GC heap after
{Heap after GC invocations=2 (full 0):
 garbage-first heap   total 262144K, used 10206K [0x0000000080000000, 0x0000000100000000)
  region size 1024K, 2 young (2048K), 2 survivors (2048K)
 Metaspace       used 20036K, committed 20416K, reserved 1114112K
  class space    used 2064K, committed 2240K, reserved 1048576K
}
Event: 8.283 GC heap before
{Heap before GC invocations=2 (full 0):
 garbage-first heap   total 262144K, used 26590K [0x0000000080000000, 0x0000000100000000)
  region size 1024K, 19 young (19456K), 2 survivors (2048K)
 Metaspace       used 21114K, committed 21504K, reserved 1114112K
  class space    used 2140K, committed 2304K, reserved 1048576K
}
Event: 8.294 GC heap after
{Heap after GC invocations=3 (full 0):
 garbage-first heap   total 262144K, used 10751K [0x0000000080000000, 0x0000000100000000)
  region size 1024K, 3 young (3072K), 3 survivors (3072K)
 Metaspace       used 21114K, committed 21504K, reserved 1114112K
  class space    used 2140K, committed 2304K, reserved 1048576K
}

Dll operation events (3 events):
Event: 0.028 Loaded shared library C:\Program Files\JetBrains\PyCharm 2024.2.1\jbr\bin\java.dll
Event: 0.041 Loaded shared library C:\Program Files\JetBrains\PyCharm 2024.2.1\jbr\bin\zip.dll
Event: 2.211 Loaded shared library C:\Program Files\JetBrains\PyCharm 2024.2.1\jbr\bin\verify.dll

Deoptimization events (20 events):
Event: 97.490 Thread 0x00000202c5475330 Uncommon trap: trap_request=0xffffff45 fr.pc=0x00000202b390c044 relative=0x0000000000000f04
Event: 97.490 Thread 0x00000202c5475330 Uncommon trap: reason=unstable_if action=reinterpret pc=0x00000202b390c044 method=java.io.ObjectInputStream$BlockDataInputStream.readUTFBody(J)Ljava/lang/String; @ 48 c2
Event: 97.490 Thread 0x00000202c5475330 DEOPT PACKING pc=0x00000202b390c044 sp=0x000000963befd980
Event: 97.491 Thread 0x00000202c5475330 DEOPT UNPACKING pc=0x00000202b32f46a2 sp=0x000000963befd978 mode 2
Event: 97.499 Thread 0x00000202c5475330 Uncommon trap: trap_request=0xffffff45 fr.pc=0x00000202b393b1b0 relative=0x0000000000000750
Event: 97.499 Thread 0x00000202c5475330 Uncommon trap: reason=unstable_if action=reinterpret pc=0x00000202b393b1b0 method=java.io.ObjectInputStream$BlockDataInputStream.readInt()I @ 38 c2
Event: 97.499 Thread 0x00000202c5475330 DEOPT PACKING pc=0x00000202b393b1b0 sp=0x000000963befdc90
Event: 97.499 Thread 0x00000202c5475330 DEOPT UNPACKING pc=0x00000202b32f46a2 sp=0x000000963befdc78 mode 2
Event: 97.499 Thread 0x00000202c5475330 Uncommon trap: trap_request=0xffffff45 fr.pc=0x00000202b393a658 relative=0x0000000000000138
Event: 97.499 Thread 0x00000202c5475330 Uncommon trap: reason=unstable_if action=reinterpret pc=0x00000202b393a658 method=java.io.ObjectInputStream$HandleTable.markDependency(II)V @ 12 c2
Event: 97.499 Thread 0x00000202c5475330 DEOPT PACKING pc=0x00000202b393a658 sp=0x000000963befe130
Event: 97.499 Thread 0x00000202c5475330 DEOPT UNPACKING pc=0x00000202b32f46a2 sp=0x000000963befe0b0 mode 2
Event: 97.997 Thread 0x00000202c5475330 Uncommon trap: trap_request=0xffffff45 fr.pc=0x00000202b38ef7a4 relative=0x00000000000009a4
Event: 97.997 Thread 0x00000202c5475330 Uncommon trap: reason=unstable_if action=reinterpret pc=0x00000202b38ef7a4 method=java.io.ObjectInputStream$BlockDataInputStream.readUTFSpan(Ljava/lang/StringBuilder;J)J @ 88 c2
Event: 97.997 Thread 0x00000202c5475330 DEOPT PACKING pc=0x00000202b38ef7a4 sp=0x000000963befe1c0
Event: 97.997 Thread 0x00000202c5475330 DEOPT UNPACKING pc=0x00000202b32f46a2 sp=0x000000963befe178 mode 2
Event: 204.662 Thread 0x00000202c5475330 DEOPT PACKING pc=0x00000202ac196ded sp=0x000000963befddb0
Event: 204.662 Thread 0x00000202c5475330 DEOPT UNPACKING pc=0x00000202b32f4e42 sp=0x000000963befd210 mode 0
Event: 205.034 Thread 0x00000202c5475330 DEOPT PACKING pc=0x00000202ac196ded sp=0x000000963befde60
Event: 205.034 Thread 0x00000202c5475330 DEOPT UNPACKING pc=0x00000202b32f4e42 sp=0x000000963befd2c0 mode 0

Classes loaded (20 events):
Event: 5.908 Loading class java/util/regex/Pattern$Pos
Event: 5.908 Loading class java/util/regex/Pattern$Pos done
Event: 6.149 Loading class java/lang/AbstractMethodError
Event: 6.150 Loading class java/lang/AbstractMethodError done
Event: 6.275 Loading class java/util/function/UnaryOperator
Event: 6.276 Loading class java/util/function/UnaryOperator done
Event: 6.435 Loading class java/lang/Byte$ByteCache
Event: 6.436 Loading class java/lang/Byte$ByteCache done
Event: 6.436 Loading class java/lang/Short$ShortCache
Event: 6.436 Loading class java/lang/Short$ShortCache done
Event: 18.814 Loading class java/util/ArrayList$ListItr
Event: 18.815 Loading class java/util/ArrayList$ListItr done
Event: 33.663 Loading class java/util/concurrent/ThreadLocalRandom
Event: 33.678 Loading class java/util/concurrent/ThreadLocalRandom done
Event: 33.679 Loading class jdk/internal/util/random/RandomSupport
Event: 33.688 Loading class jdk/internal/util/random/RandomSupport done
Event: 93.665 Loading class java/util/IdentityHashMap$KeyIterator
Event: 93.665 Loading class java/util/IdentityHashMap$IdentityHashMapIterator
Event: 93.665 Loading class java/util/IdentityHashMap$IdentityHashMapIterator done
Event: 93.665 Loading class java/util/IdentityHashMap$KeyIterator done

Classes unloaded (0 events):
No events

Classes redefined (0 events):
No events

Internal exceptions (20 events):
Event: 5.289 Thread 0x00000202c5475330 Exception <a 'java/lang/NoSuchMethodError'{0x000000008f4fafb0}: 'java.lang.Object java.lang.invoke.DirectMethodHandle$Holder.invokeStatic(java.lang.Object, java.lang.Object, java.lang.Object, java.lang.Object, int)'> (0x000000008f4fafb0) 
thrown [s\src\hotspot\share\interpreter\linkResolver.cpp, line 784]
Event: 5.361 Thread 0x00000202c5475330 Exception <a 'java/lang/NoSuchMethodError'{0x000000008f31e988}: 'void java.lang.invoke.DirectMethodHandle$Holder.invokeInterface(java.lang.Object, java.lang.Object)'> (0x000000008f31e988) 
thrown [s\src\hotspot\share\interpreter\linkResolver.cpp, line 784]
Event: 5.909 Thread 0x00000202c5475330 Exception <a 'java/lang/NoSuchMethodError'{0x000000008f3bda90}: static Lcom/intellij/database/remote/jdba/core/ConnectionInfo;.<clinit>()V> (0x000000008f3bda90) 
thrown [s\src\hotspot\share\prims\jni.cpp, line 1126]
Event: 5.911 Thread 0x00000202c5475330 Exception <a 'java/lang/NoSuchMethodError'{0x000000008f3c8830}: static Ljava/lang/Object;.<clinit>()V> (0x000000008f3c8830) 
thrown [s\src\hotspot\share\prims\jni.cpp, line 1126]
Event: 5.911 Thread 0x00000202c5475330 Exception <a 'java/lang/NoSuchMethodError'{0x000000008f3cce10}: static [I.<clinit>()V> (0x000000008f3cce10) 
thrown [s\src\hotspot\share\prims\jni.cpp, line 1126]
Event: 6.179 Thread 0x00000202c5475330 Exception <a 'java/lang/NoSuchMethodError'{0x000000008f02f860}: 'java.lang.Object java.lang.invoke.DirectMethodHandle$Holder.invokeInterface(java.lang.Object, java.lang.Object, java.lang.Object, java.lang.Object)'> (0x000000008f02f860) 
thrown [s\src\hotspot\share\interpreter\linkResolver.cpp, line 784]
Event: 6.280 Thread 0x00000202c5475330 Exception <a 'java/lang/NoSuchMethodError'{0x000000008ffbcc48}: 'void java.lang.invoke.DirectMethodHandle$Holder.invokeInterface(java.lang.Object, java.lang.Object, int)'> (0x000000008ffbcc48) 
thrown [s\src\hotspot\share\interpreter\linkResolver.cpp, line 784]
Event: 6.280 Thread 0x00000202c5475330 Exception <a 'java/lang/NoSuchMethodError'{0x000000008ffc0818}: 'void java.lang.invoke.DelegatingMethodHandle$Holder.reinvoke_L(java.lang.Object, java.lang.Object, int)'> (0x000000008ffc0818) 
thrown [s\src\hotspot\share\interpreter\linkResolver.cpp, line 784]
Event: 6.348 Thread 0x00000202c5475330 Exception <a 'java/lang/NoSuchMethodError'{0x000000008fd07eb8}: static Lcom/intellij/database/remote/jdba/core/ResultLayout;.<clinit>()V> (0x000000008fd07eb8) 
thrown [s\src\hotspot\share\prims\jni.cpp, line 1126]
Event: 6.351 Thread 0x00000202c5475330 Exception <a 'java/lang/NoSuchMethodError'{0x000000008fd17fd8}: static Lcom/intellij/database/remote/jdba/core/RowLayout;.<clinit>()V> (0x000000008fd17fd8) 
thrown [s\src\hotspot\share\prims\jni.cpp, line 1126]
Event: 6.353 Thread 0x00000202c5475330 Exception <a 'java/lang/NoSuchMethodError'{0x000000008fd23d40}: static Lcom/intellij/database/remote/jdba/util/NameAndClass;.<clinit>()V> (0x000000008fd23d40) 
thrown [s\src\hotspot\share\prims\jni.cpp, line 1126]
Event: 6.357 Thread 0x00000202c5475330 Exception <a 'java/lang/NoSuchMethodError'{0x000000008fd38318}: 'java.lang.Object java.lang.invoke.DirectMethodHandle$Holder.invokeInterface(java.lang.Object, java.lang.Object, int, java.lang.Object)'> (0x000000008fd38318) 
thrown [s\src\hotspot\share\interpreter\linkResolver.cpp, line 784]
Event: 6.357 Thread 0x00000202c5475330 Exception <a 'java/lang/NoSuchMethodError'{0x000000008fd3c3d8}: 'java.lang.Object java.lang.invoke.DirectMethodHandle$Holder.invokeSpecial(java.lang.Object, java.lang.Object, java.lang.Object, int, java.lang.Object)'> (0x000000008fd3c3d8) 
thrown [s\src\hotspot\share\interpreter\linkResolver.cpp, line 784]
Event: 6.422 Thread 0x00000202c5475330 Exception <a 'java/lang/NoSuchMethodError'{0x000000008fdb0d58}: 'java.lang.Object java.lang.invoke.DirectMethodHandle$Holder.newInvokeSpecial(java.lang.Object, java.lang.Object, int)'> (0x000000008fdb0d58) 
thrown [s\src\hotspot\share\interpreter\linkResolver.cpp, line 784]
Event: 6.460 Thread 0x00000202c5475330 Exception <a 'java/lang/NoSuchMethodError'{0x000000008fc0afb0}: static [Ljava/lang/Object;.<clinit>()V> (0x000000008fc0afb0) 
thrown [s\src\hotspot\share\prims\jni.cpp, line 1126]
Event: 7.424 Thread 0x00000202c5475330 Exception <a 'java/lang/NoSuchMethodError'{0x000000008f811d00}: 'java.lang.Object java.lang.invoke.DirectMethodHandle$Holder.newInvokeSpecial(java.lang.Object, java.lang.Object, long)'> (0x000000008f811d00) 
thrown [s\src\hotspot\share\interpreter\linkResolver.cpp, line 784]
Event: 98.055 Thread 0x00000202c5475330 Exception <a 'java/lang/NoSuchMethodError'{0x000000008ef7d9f8}: 'java.lang.Object java.lang.invoke.DirectMethodHandle$Holder.invokeInterface(java.lang.Object, java.lang.Object, int)'> (0x000000008ef7d9f8) 
thrown [s\src\hotspot\share\interpreter\linkResolver.cpp, line 784]
Event: 98.084 Thread 0x00000202c5475330 Exception <a 'java/lang/NoSuchMethodError'{0x000000008efba8c8}: 'int java.lang.invoke.DirectMethodHandle$Holder.invokeInterface(java.lang.Object, java.lang.Object, int, int)'> (0x000000008efba8c8) 
thrown [s\src\hotspot\share\interpreter\linkResolver.cpp, line 784]
Event: 98.085 Thread 0x00000202c5475330 Exception <a 'java/lang/NoSuchMethodError'{0x000000008efc1640}: 'int java.lang.invoke.DelegatingMethodHandle$Holder.reinvoke_L(java.lang.Object, java.lang.Object, int, int)'> (0x000000008efc1640) 
thrown [s\src\hotspot\share\interpreter\linkResolver.cpp, line 784]
Event: 98.089 Thread 0x00000202c5475330 Exception <a 'java/lang/NoSuchMethodError'{0x000000008efd8078}: static Lcom/intellij/database/remote/jdbc/RemoteResultSet$DataRetrievingOptions;.<clinit>()V> (0x000000008efd8078) 
thrown [s\src\hotspot\share\prims\jni.cpp, line 1126]

ZGC Phase Switch (0 events):
No events

VM Operations (20 events):
Event: 60.153 Executing VM operation: HandshakeAllThreads (HandshakeForDeflation)
Event: 60.153 Executing VM operation: HandshakeAllThreads (HandshakeForDeflation) done
Event: 60.153 Executing VM operation: RendezvousGCThreads
Event: 60.153 Executing VM operation: RendezvousGCThreads done
Event: 76.161 Executing VM operation: Cleanup
Event: 76.161 Executing VM operation: Cleanup done
Event: 98.173 Executing VM operation: Cleanup
Event: 98.173 Executing VM operation: Cleanup done
Event: 99.174 Executing VM operation: Cleanup
Event: 99.174 Executing VM operation: Cleanup done
Event: 120.336 Executing VM operation: HandshakeAllThreads (HandshakeForDeflation)
Event: 120.336 Executing VM operation: HandshakeAllThreads (HandshakeForDeflation) done
Event: 120.336 Executing VM operation: RendezvousGCThreads
Event: 120.336 Executing VM operation: RendezvousGCThreads done
Event: 191.467 Executing VM operation: Cleanup
Event: 191.467 Executing VM operation: Cleanup done
Event: 193.467 Executing VM operation: Cleanup
Event: 193.467 Executing VM operation: Cleanup done
Event: 204.485 Executing VM operation: Cleanup
Event: 204.485 Executing VM operation: Cleanup done

Events (20 events):
Event: 9.174 Thread 0x00000202c6a64cc0 Thread exited: 0x00000202c6a64cc0
Event: 9.174 Thread 0x00000202c6a66700 Thread exited: 0x00000202c6a66700
Event: 9.174 Thread 0x00000202c6a62bf0 Thread exited: 0x00000202c6a62bf0
Event: 9.175 Thread 0x00000202c6a611b0 Thread exited: 0x00000202c6a611b0
Event: 9.175 Thread 0x00000202c6a61ed0 Thread exited: 0x00000202c6a61ed0
Event: 9.175 Thread 0x00000202c6a63280 Thread exited: 0x00000202c6a63280
Event: 9.176 Thread 0x00000202c6a63fa0 Thread exited: 0x00000202c6a63fa0
Event: 9.176 Thread 0x00000202c6a65350 Thread exited: 0x00000202c6a65350
Event: 9.176 Thread 0x00000202c6abd7c0 Thread exited: 0x00000202c6abd7c0
Event: 9.177 Thread 0x00000202c5471eb0 Thread exited: 0x00000202c5471eb0
Event: 9.177 Thread 0x00000202c6abb6f0 Thread exited: 0x00000202c6abb6f0
Event: 10.890 Thread 0x00000202c5471eb0 Thread added: 0x00000202c5471eb0
Event: 10.895 Thread 0x00000202c5471eb0 Thread exited: 0x00000202c5471eb0
Event: 93.665 Thread 0x00000202c5263940 Thread exited: 0x00000202c5263940
Event: 93.694 Thread 0x00000202c5470fe0 Thread exited: 0x00000202c5470fe0
Event: 158.683 Thread 0x00000202c5474610 Thread added: 0x00000202c5474610
Event: 158.684 Thread 0x00000202c5472540 Thread added: 0x00000202c5472540
Event: 158.684 Thread 0x00000202c5474610 Thread exited: 0x00000202c5474610
Event: 158.684 Thread 0x00000202c5472540 Thread exited: 0x00000202c5472540
Event: 204.567 Thread 0x00000202c5e1d740 Thread added: 0x00000202c5e1d740


Dynamic libraries:
0x00007ff6ef890000 - 0x00007ff6ef89a000 	C:\Program Files\JetBrains\PyCharm 2024.2.1\jbr\bin\java.exe
0x00007ffc47a50000 - 0x00007ffc47c48000 	C:\Windows\SYSTEM32\ntdll.dll
0x00007ffc47930000 - 0x00007ffc479f1000 	C:\Windows\System32\KERNEL32.DLL
0x00007ffc45310000 - 0x00007ffc4560d000 	C:\Windows\System32\KERNELBASE.dll
0x00007ffc457f0000 - 0x00007ffc458f0000 	C:\Windows\System32\ucrtbase.dll
0x00007ffc25060000 - 0x00007ffc25078000 	C:\Program Files\JetBrains\PyCharm 2024.2.1\jbr\bin\jli.dll
0x00007ffc46b00000 - 0x00007ffc46c9d000 	C:\Windows\System32\USER32.dll
0x00007ffc45a50000 - 0x00007ffc45a72000 	C:\Windows\System32\win32u.dll
0x00007ffc29a20000 - 0x00007ffc29a3b000 	C:\Program Files\JetBrains\PyCharm 2024.2.1\jbr\bin\VCRUNTIME140.dll
0x00007ffc46ad0000 - 0x00007ffc46afb000 	C:\Windows\System32\GDI32.dll
0x00007ffc456d0000 - 0x00007ffc457e7000 	C:\Windows\System32\gdi32full.dll
0x00007ffc45200000 - 0x00007ffc4529d000 	C:\Windows\System32\msvcp_win.dll
0x00007ffc34670000 - 0x00007ffc3490a000 	C:\Windows\WinSxS\amd64_microsoft.windows.common-controls_6595b64144ccf1df_6.0.19041.4355_none_60b8b9eb71f62e16\COMCTL32.dll
0x00007ffc46770000 - 0x00007ffc4680e000 	C:\Windows\System32\msvcrt.dll
0x00007ffc47120000 - 0x00007ffc4714f000 	C:\Windows\System32\IMM32.DLL
0x00007ffc3e850000 - 0x00007ffc3e85c000 	C:\Program Files\JetBrains\PyCharm 2024.2.1\jbr\bin\vcruntime140_1.dll
0x00007ffc3f360000 - 0x00007ffc3f3ed000 	C:\Program Files\JetBrains\PyCharm 2024.2.1\jbr\bin\msvcp140.dll
0x00007ffc0f110000 - 0x00007ffc0fec2000 	C:\Program Files\JetBrains\PyCharm 2024.2.1\jbr\bin\server\jvm.dll
0x00007ffc45b20000 - 0x00007ffc45bd0000 	C:\Windows\System32\ADVAPI32.dll
0x00007ffc45a80000 - 0x00007ffc45b20000 	C:\Windows\System32\sechost.dll
0x00007ffc46490000 - 0x00007ffc465b3000 	C:\Windows\System32\RPCRT4.dll
0x00007ffc456a0000 - 0x00007ffc456c7000 	C:\Windows\System32\bcrypt.dll
0x00007ffc478c0000 - 0x00007ffc4792b000 	C:\Windows\System32\WS2_32.dll
0x00007ffc44840000 - 0x00007ffc4488b000 	C:\Windows\SYSTEM32\POWRPROF.dll
0x00007ffc28820000 - 0x00007ffc28847000 	C:\Windows\SYSTEM32\WINMM.dll
0x00007ffc3dd40000 - 0x00007ffc3dd4a000 	C:\Windows\SYSTEM32\VERSION.dll
0x00007ffc44770000 - 0x00007ffc44782000 	C:\Windows\SYSTEM32\UMPDC.dll
0x00007ffc42f80000 - 0x00007ffc42f92000 	C:\Windows\SYSTEM32\kernel.appcore.dll
0x00007ffc3e820000 - 0x00007ffc3e82a000 	C:\Program Files\JetBrains\PyCharm 2024.2.1\jbr\bin\jimage.dll
0x00007ffc27790000 - 0x00007ffc27974000 	C:\Windows\SYSTEM32\DBGHELP.DLL
0x00007ffc27100000 - 0x00007ffc27134000 	C:\Windows\SYSTEM32\dbgcore.DLL
0x00007ffc45610000 - 0x00007ffc45692000 	C:\Windows\System32\bcryptPrimitives.dll
0x00007ffc25e40000 - 0x00007ffc25e5f000 	C:\Program Files\JetBrains\PyCharm 2024.2.1\jbr\bin\java.dll
0x00007ffc1fb50000 - 0x00007ffc1fb68000 	C:\Program Files\JetBrains\PyCharm 2024.2.1\jbr\bin\zip.dll
0x00007ffc47150000 - 0x00007ffc478bf000 	C:\Windows\System32\SHELL32.dll
0x00007ffc43180000 - 0x00007ffc43923000 	C:\Windows\SYSTEM32\windows.storage.dll
0x00007ffc46dc0000 - 0x00007ffc47113000 	C:\Windows\System32\combase.dll
0x00007ffc44b30000 - 0x00007ffc44b5e000 	C:\Windows\SYSTEM32\Wldp.dll
0x00007ffc45bf0000 - 0x00007ffc45cbd000 	C:\Windows\System32\OLEAUT32.dll
0x00007ffc463e0000 - 0x00007ffc4648d000 	C:\Windows\System32\SHCORE.dll
0x00007ffc46a70000 - 0x00007ffc46ac5000 	C:\Windows\System32\shlwapi.dll
0x00007ffc45030000 - 0x00007ffc45054000 	C:\Windows\SYSTEM32\profapi.dll
0x00007ffc3e630000 - 0x00007ffc3e640000 	C:\Program Files\JetBrains\PyCharm 2024.2.1\jbr\bin\net.dll
0x00007ffc36c80000 - 0x00007ffc36d8d000 	C:\Windows\SYSTEM32\WINHTTP.dll
0x00007ffc44890000 - 0x00007ffc448fa000 	C:\Windows\system32\mswsock.dll
0x00007ffc1fb30000 - 0x00007ffc1fb46000 	C:\Program Files\JetBrains\PyCharm 2024.2.1\jbr\bin\nio.dll
0x00007ffc33710000 - 0x00007ffc33720000 	C:\Program Files\JetBrains\PyCharm 2024.2.1\jbr\bin\verify.dll
0x00007ffc44500000 - 0x00007ffc4453b000 	C:\Windows\SYSTEM32\IPHLPAPI.DLL
0x00007ffc46190000 - 0x00007ffc46198000 	C:\Windows\System32\NSI.dll
0x00007ffc44a80000 - 0x00007ffc44a98000 	C:\Windows\SYSTEM32\CRYPTSP.dll
0x00007ffc440e0000 - 0x00007ffc44114000 	C:\Windows\system32\rsaenh.dll
0x00007ffc44fb0000 - 0x00007ffc44fde000 	C:\Windows\SYSTEM32\USERENV.dll
0x00007ffc44aa0000 - 0x00007ffc44aac000 	C:\Windows\SYSTEM32\CRYPTBASE.dll
0x00007ffc25000000 - 0x00007ffc25009000 	C:\Program Files\JetBrains\PyCharm 2024.2.1\jbr\bin\extnet.dll
0x00007ffc3fa30000 - 0x00007ffc3fa37000 	C:\Program Files\JetBrains\PyCharm 2024.2.1\jbr\bin\rmi.dll
0x00007ffc3e2f0000 - 0x00007ffc3e3e4000 	C:\Users\user\AppData\Local\JetBrains\PyCharm2024.2\jdbc-native-deps\Xerial SQLiteJDBC\3.45.1\sqlite-jdbc-3.45.1.0\libs\sqlite-3.45.1.0-abaf38cf-3175-4dfc-9b46-a84678bc8f01-sqlitejdbc.dll

dbghelp: loaded successfully - version: 4.0.5 - missing functions: none
symbol engine: initialized successfully - sym options: 0x614 - pdb path: .;C:\Program Files\JetBrains\PyCharm 2024.2.1\jbr\bin;C:\Windows\SYSTEM32;C:\Windows\WinSxS\amd64_microsoft.windows.common-controls_6595b64144ccf1df_6.0.19041.4355_none_60b8b9eb71f62e16;C:\Program Files\JetBrains\PyCharm 2024.2.1\jbr\bin\server;C:\Users\user\AppData\Local\JetBrains\PyCharm2024.2\jdbc-native-deps\Xerial SQLiteJDBC\3.45.1\sqlite-jdbc-3.45.1.0\libs

VM Arguments:
jvm_args: -Dorg.sqlite.tmpdir=C:\Users\user\AppData\Local\JetBrains\PyCharm2024.2\jdbc-native-deps\Xerial SQLiteJDBC\3.45.1\sqlite-jdbc-3.45.1.0\libs -Djava.rmi.server.hostname=127.0.0.1 -Duser.timezone=UTC -Xmx2048m -Xms256m -Djdbc.classpath=C:\Program Files\JetBrains\PyCharm 2024.2.1\plugins\DatabaseTools\lib\jdbc-console.jar;C:\Users\user\AppData\Roaming\JetBrains\PyCharm2024.2\jdbc-drivers\Xerial SQLiteJDBC\3.45.1\org\xerial\sqlite-jdbc\3.45.1.0\sqlite-jdbc-3.45.1.0.jar;C:\Users\user\AppData\Roaming\JetBrains\PyCharm2024.2\jdbc-drivers\Xerial SQLiteJDBC\3.45.1\org\slf4j\slf4j-api\1.7.36\slf4j-api-1.7.36.jar --add-exports=java.desktop/sun.awt=ALL-UNNAMED --add-exports=java.desktop/java.awt.peer=ALL-UNNAMED --add-opens=java.desktop/java.awt=ALL-UNNAMED --add-opens=jdk.unsupported/sun.misc=ALL-UNNAMED --add-opens=java.base/java.nio=ALL-UNNAMED --add-opens=java.base/java.util=ALL-UNNAMED -Dfile.encoding=UTF-8 -Dsun.stdout.encoding=UTF-8 -Dsun.stderr.encoding=UTF-8 
java_command: com.intellij.database.remote.RemoteJdbcServer org.sqlite.JDBC
java_class_path (initial): C:\Program Files\JetBrains\PyCharm 2024.2.1\lib\util_rt.jar;C:\Program Files\JetBrains\PyCharm 2024.2.1\lib\util-8.jar;C:\Program Files\JetBrains\PyCharm 2024.2.1\lib\groovy.jar;C:\Program Files\JetBrains\PyCharm 2024.2.1\plugins\DatabaseTools\lib\jdbc-console.jar;C:\Program Files\JetBrains\PyCharm 2024.2.1\plugins\grid-core-impl\lib\jdbc-console-types.jar;C:\Program Files\JetBrains\PyCharm 2024.2.1\lib\util.jar;C:\Program Files\JetBrains\PyCharm 2024.2.1\lib\bouncy-castle.jar
Launcher Type: SUN_STANDARD

[Global flags]
     intx CICompilerCount                          = 3                                         {product} {ergonomic}
     uint ConcGCThreads                            = 1                                         {product} {ergonomic}
     uint G1ConcRefinementThreads                  = 4                                         {product} {ergonomic}
   size_t G1HeapRegionSize                         = 1048576                                   {product} {ergonomic}
    uintx GCDrainStackTargetSize                   = 64                                        {product} {ergonomic}
   size_t InitialHeapSize                          = 268435456                                 {product} {command line}
   size_t MarkStackSize                            = 4194304                                   {product} {ergonomic}
   size_t MaxHeapSize                              = 2147483648                                {product} {command line}
   size_t MaxNewSize                               = 1287651328                                {product} {ergonomic}
   size_t MinHeapDeltaBytes                        = 1048576                                   {product} {ergonomic}
   size_t MinHeapSize                              = 268435456                                 {product} {command line}
    uintx NonNMethodCodeHeapSize                   = 5832780                                {pd product} {ergonomic}
    uintx NonProfiledCodeHeapSize                  = 122912730                              {pd product} {ergonomic}
    uintx ProfiledCodeHeapSize                     = 122912730                              {pd product} {ergonomic}
    uintx ReservedCodeCacheSize                    = 251658240                              {pd product} {ergonomic}
     bool SegmentedCodeCache                       = true                                      {product} {ergonomic}
   size_t SoftMaxHeapSize                          = 2147483648                             {manageable} {ergonomic}
     bool UseCompressedOops                        = true                           {product lp64_product} {ergonomic}
     bool UseG1GC                                  = true                                      {product} {ergonomic}
     bool UseLargePagesIndividualAllocation        = false                                  {pd product} {ergonomic}

Logging:
Log output configuration:
 #0: stdout all=warning uptime,level,tags foldmultilines=false
 #1: stderr all=off uptime,level,tags foldmultilines=false

Environment Variables:
PATH=C:\Windows\system32;C:\Windows;C:\Windows\System32\Wbem;C:\Windows\System32\WindowsPowerShell\v1.0\;C:\Windows\System32\OpenSSH\;C:\Program Files\nodejs\;C:\Program Files\dotnet\;C:\Program Files\Git\cmd;C:\Users\user\AppData\Local\Programs\Python\Python312\Scripts\;C:\Users\user\AppData\Local\Programs\Python\Python312\;C:\Users\user\AppData\Local\Programs\Python\Launcher\;C:\Users\user\AppData\Local\Microsoft\WindowsApps;C:\Users\user\AppData\Roaming\npm;C:\Users\user\AppData\Local\Programs\Microsoft VS Code\bin;C:\Program Files\JetBrains\PyCharm 2024.2.1\bin;;C:\Users\user\AppData\Local\GitHubDesktop\bin
USERNAME=user
OS=Windows_NT
PROCESSOR_IDENTIFIER=Intel64 Family 6 Model 78 Stepping 3, GenuineIntel
TMP=C:\Users\user\AppData\Local\Temp
TEMP=C:\Users\user\AppData\Local\Temp




Periodic native trim disabled

JNI global refs:
JNI global refs: 17, weak refs: 10

JNI global refs memory usage: 835, weak refs: 833

Process memory usage:
Resident Set Size: 138580K (1% of 8200188K total physical memory with 1193452K free physical memory)

OOME stack traces (most recent first):
Classloader memory used:
Loader bootstrap                                                                       : 16815K
Loader jdk.internal.loader.ClassLoaders$AppClassLoader                                 : 3325K
Loader com.intellij.database.remote.jdbc.impl.JdbcClassLoader$JdbcClassLoaderImpl      : 841K
Loader jdk.internal.loader.ClassLoaders$PlatformClassLoader                            : 233K
Loader jdk.internal.reflect.DelegatingClassLoader                                      : 139K
Loader com.intellij.database.remote.jdbc.impl.JdbcClassLoader$1                        : 6928B

---------------  S Y S T E M  ---------------

OS:
 Windows 10 , 64 bit Build 19041 (10.0.19041.4842)
OS uptime: 0 days 3:18 hours

CPU: total 4 (initial active 4) (2 cores per cpu, 2 threads per core) family 6 model 78 stepping 3 microcode 0xcc, cx8, cmov, fxsr, ht, mmx, 3dnowpref, sse, sse2, sse3, ssse3, sse4.1, sse4.2, popcnt, lzcnt, tsc, tscinvbit, avx, avx2, aes, erms, clmul, bmi1, bmi2, rtm, adx, fma, vzeroupper, clflush, clflushopt, rdtscp, f16c
Processor Information for all 4 processors :
  Max Mhz: 2301, Current Mhz: 2301, Mhz Limit: 2301

Memory: 4k page, system-wide physical 8007M (1165M free)
TotalPageFile size 8007M (AvailPageFile size 6M)
current process WorkingSet (physical memory assigned to process): 135M, peak: 135M
current process commit charge ("private bytes"): 378M, peak: 384M

vm_info: OpenJDK 64-Bit Server VM (21.0.3+13-b509.11) for windows-amd64 JRE (21.0.3+13-b509.11), built on 2024-08-12 by "builduser" with MS VC++ 16.10 / 16.11 (VS2019)

END.
